Mon, 26 Jun 2017 11:29:58 spider_main.py[line:160] INFO 【ieee_spider crawl begin】...
Mon, 26 Jun 2017 11:29:58 spider_main.py[line:52] INFO crawl 1 : http://ieeexplore.ieee.org/document/5725144/
Mon, 26 Jun 2017 11:29:58 spider_main.py[line:69] INFO download successed
Mon, 26 Jun 2017 11:30:12 spider_main.py[line:106] INFO 待爬取页为论文详情页
Mon, 26 Jun 2017 11:30:13 spider_main.py[line:109] INFO 解析详情页...
Mon, 26 Jun 2017 11:32:54 spider_main.py[line:115] INFO 详情页解析结果输出...
Mon, 26 Jun 2017 14:00:15 spider_main.py[line:160] INFO 【ieee_spider crawl begin】...
Mon, 26 Jun 2017 14:00:16 spider_main.py[line:52] INFO crawl 1 : http://ieeexplore.ieee.org/document/5725144/
Mon, 26 Jun 2017 14:00:16 spider_main.py[line:69] INFO download successed
Mon, 26 Jun 2017 14:00:16 spider_main.py[line:106] INFO 待爬取页为论文详情页
Mon, 26 Jun 2017 14:00:16 spider_main.py[line:109] INFO 解析详情页...
Mon, 26 Jun 2017 14:00:16 spider_main.py[line:115] INFO 详情页解析结果输出...
Mon, 26 Jun 2017 14:00:16 spider_main.py[line:129] INFO 将爬取成功页面设置为已爬取: http://ieeexplore.ieee.org/document/5725144/
Mon, 26 Jun 2017 14:00:16 spider_main.py[line:155] INFO 【crawl finished】: crawl count=2
Mon, 26 Jun 2017 14:00:52 spider_main.py[line:160] INFO 【ieee_spider crawl begin】...
Mon, 26 Jun 2017 14:00:52 spider_main.py[line:155] INFO 【crawl finished】: crawl count=1
Mon, 26 Jun 2017 14:02:27 spider_main.py[line:160] INFO 【ieee_spider crawl begin】...
Mon, 26 Jun 2017 14:02:28 spider_main.py[line:155] INFO 【crawl finished】: crawl count=1
Mon, 26 Jun 2017 14:03:13 spider_main.py[line:160] INFO 【ieee_spider crawl begin】...
Mon, 26 Jun 2017 14:03:13 spider_main.py[line:155] INFO 【crawl finished】: crawl count=1
Mon, 26 Jun 2017 14:03:26 spider_main.py[line:160] INFO 【ieee_spider crawl begin】...
Mon, 26 Jun 2017 14:03:26 spider_main.py[line:155] INFO 【crawl finished】: crawl count=0
