Sun, 25 Jun 2017 10:18:43 spider_main.py[line:160] INFO 【ieee_spider crawl begin】...
Sun, 25 Jun 2017 10:18:44 spider_main.py[line:155] INFO 【crawl finished】: crawl count=1
Sun, 25 Jun 2017 10:20:13 spider_main.py[line:160] INFO 【ieee_spider crawl begin】...
Sun, 25 Jun 2017 10:20:13 spider_main.py[line:53] INFO crawl 1 : http://ieeexplore.ieee.org/search/searchresult.jsp?queryText=UHF%20RFID&pageNumber=82&newsearch=true
Sun, 25 Jun 2017 10:20:13 spider_main.py[line:69] INFO download successed
Sun, 25 Jun 2017 10:20:13 spider_main.py[line:89] INFO 待爬取页为搜索结果页
Sun, 25 Jun 2017 10:20:13 spider_main.py[line:92] INFO 解析结果页...
Sun, 25 Jun 2017 10:20:14 spider_main.py[line:99] INFO 结果页解析结果输出..
Sun, 25 Jun 2017 10:20:15 spider_main.py[line:129] INFO 将爬取成功页面设置为已爬取: http://ieeexplore.ieee.org/search/searchresult.jsp?queryText=UHF%20RFID&pageNumber=82&newsearch=true
Sun, 25 Jun 2017 10:20:15 spider_main.py[line:53] INFO crawl 2 : http://ieeexplore.ieee.org/search/searchresult.jsp?queryText=UHF%20RFID&pageNumber=85&newsearch=true
Sun, 25 Jun 2017 10:20:15 spider_main.py[line:69] INFO download successed
Sun, 25 Jun 2017 10:20:15 spider_main.py[line:89] INFO 待爬取页为搜索结果页
Sun, 25 Jun 2017 10:20:15 spider_main.py[line:92] INFO 解析结果页...
Sun, 25 Jun 2017 10:20:16 spider_main.py[line:99] INFO 结果页解析结果输出..
Sun, 25 Jun 2017 10:20:18 spider_main.py[line:129] INFO 将爬取成功页面设置为已爬取: http://ieeexplore.ieee.org/search/searchresult.jsp?queryText=UHF%20RFID&pageNumber=85&newsearch=true
Sun, 25 Jun 2017 10:20:18 spider_main.py[line:53] INFO crawl 3 : http://ieeexplore.ieee.org/search/searchresult.jsp?queryText=UHF%20RFID&pageNumber=89&newsearch=true
Sun, 25 Jun 2017 10:20:18 spider_main.py[line:69] INFO download successed
Sun, 25 Jun 2017 10:20:18 spider_main.py[line:89] INFO 待爬取页为搜索结果页
Sun, 25 Jun 2017 10:20:18 spider_main.py[line:92] INFO 解析结果页...
Sun, 25 Jun 2017 10:20:18 spider_main.py[line:99] INFO 结果页解析结果输出..
Sun, 25 Jun 2017 10:20:20 spider_main.py[line:129] INFO 将爬取成功页面设置为已爬取: http://ieeexplore.ieee.org/search/searchresult.jsp?queryText=UHF%20RFID&pageNumber=89&newsearch=true
Sun, 25 Jun 2017 10:20:20 spider_main.py[line:53] INFO crawl 4 : http://ieeexplore.ieee.org/search/searchresult.jsp?queryText=UHF%20RFID&pageNumber=103&newsearch=true
Sun, 25 Jun 2017 10:20:20 spider_main.py[line:69] INFO download successed
Sun, 25 Jun 2017 10:20:20 spider_main.py[line:89] INFO 待爬取页为搜索结果页
Sun, 25 Jun 2017 10:20:20 spider_main.py[line:92] INFO 解析结果页...
Sun, 25 Jun 2017 10:20:21 spider_main.py[line:99] INFO 结果页解析结果输出..
Sun, 25 Jun 2017 10:20:23 spider_main.py[line:129] INFO 将爬取成功页面设置为已爬取: http://ieeexplore.ieee.org/search/searchresult.jsp?queryText=UHF%20RFID&pageNumber=103&newsearch=true
Sun, 25 Jun 2017 10:20:23 spider_main.py[line:53] INFO crawl 5 : http://ieeexplore.ieee.org/search/searchresult.jsp?queryText=UHF%20RFID&pageNumber=126&newsearch=true
Sun, 25 Jun 2017 10:20:23 spider_main.py[line:69] INFO download successed
Sun, 25 Jun 2017 10:20:23 spider_main.py[line:89] INFO 待爬取页为搜索结果页
Sun, 25 Jun 2017 10:20:23 spider_main.py[line:92] INFO 解析结果页...
Sun, 25 Jun 2017 10:20:23 spider_main.py[line:99] INFO 结果页解析结果输出..
Sun, 25 Jun 2017 10:20:25 spider_main.py[line:129] INFO 将爬取成功页面设置为已爬取: http://ieeexplore.ieee.org/search/searchresult.jsp?queryText=UHF%20RFID&pageNumber=126&newsearch=true
Sun, 25 Jun 2017 10:20:25 spider_main.py[line:53] INFO crawl 6 : http://ieeexplore.ieee.org/document/1710707/
Sun, 25 Jun 2017 10:20:25 spider_main.py[line:69] INFO download successed
Sun, 25 Jun 2017 10:20:25 spider_main.py[line:106] INFO 待爬取页为论文详情页
Sun, 25 Jun 2017 10:20:25 spider_main.py[line:109] INFO 解析详情页...
Sun, 25 Jun 2017 10:20:25 spider_main.py[line:115] INFO 详情页解析结果输出...
Sun, 25 Jun 2017 10:20:25 spider_main.py[line:129] INFO 将爬取成功页面设置为已爬取: http://ieeexplore.ieee.org/document/1710707/
Sun, 25 Jun 2017 10:20:25 spider_main.py[line:53] INFO crawl 7 : http://ieeexplore.ieee.org/document/1651174/
Sun, 25 Jun 2017 10:20:25 spider_main.py[line:69] INFO download successed
Sun, 25 Jun 2017 10:20:25 spider_main.py[line:106] INFO 待爬取页为论文详情页
Sun, 25 Jun 2017 10:20:25 spider_main.py[line:109] INFO 解析详情页...
Sun, 25 Jun 2017 10:20:26 spider_main.py[line:115] INFO 详情页解析结果输出...
Sun, 25 Jun 2017 10:20:26 spider_main.py[line:129] INFO 将爬取成功页面设置为已爬取: http://ieeexplore.ieee.org/document/1651174/
Sun, 25 Jun 2017 10:20:26 spider_main.py[line:53] INFO crawl 8 : http://ieeexplore.ieee.org/document/1648590/
Sun, 25 Jun 2017 10:20:26 spider_main.py[line:69] INFO download successed
Sun, 25 Jun 2017 10:20:26 spider_main.py[line:106] INFO 待爬取页为论文详情页
Sun, 25 Jun 2017 10:20:26 spider_main.py[line:109] INFO 解析详情页...
Sun, 25 Jun 2017 10:20:26 spider_main.py[line:115] INFO 详情页解析结果输出...
Sun, 25 Jun 2017 10:20:26 spider_main.py[line:129] INFO 将爬取成功页面设置为已爬取: http://ieeexplore.ieee.org/document/1648590/
Sun, 25 Jun 2017 10:20:26 spider_main.py[line:53] INFO crawl 9 : http://ieeexplore.ieee.org/document/1644655/
Sun, 25 Jun 2017 10:20:26 spider_main.py[line:69] INFO download successed
Sun, 25 Jun 2017 10:20:26 spider_main.py[line:106] INFO 待爬取页为论文详情页
Sun, 25 Jun 2017 10:20:26 spider_main.py[line:109] INFO 解析详情页...
Sun, 25 Jun 2017 10:20:26 spider_main.py[line:115] INFO 详情页解析结果输出...
Sun, 25 Jun 2017 10:20:26 spider_main.py[line:129] INFO 将爬取成功页面设置为已爬取: http://ieeexplore.ieee.org/document/1644655/
Sun, 25 Jun 2017 10:20:26 spider_main.py[line:53] INFO crawl 10 : http://ieeexplore.ieee.org/document/1629486/
Sun, 25 Jun 2017 10:20:26 spider_main.py[line:69] INFO download successed
Sun, 25 Jun 2017 10:20:26 spider_main.py[line:106] INFO 待爬取页为论文详情页
Sun, 25 Jun 2017 10:20:26 spider_main.py[line:109] INFO 解析详情页...
Sun, 25 Jun 2017 10:20:26 spider_main.py[line:115] INFO 详情页解析结果输出...
Sun, 25 Jun 2017 10:20:26 spider_main.py[line:129] INFO 将爬取成功页面设置为已爬取: http://ieeexplore.ieee.org/document/1629486/
Sun, 25 Jun 2017 10:20:26 spider_main.py[line:53] INFO crawl 11 : http://ieeexplore.ieee.org/document/1608842/
Sun, 25 Jun 2017 10:20:26 spider_main.py[line:69] INFO download successed
Sun, 25 Jun 2017 10:20:26 spider_main.py[line:106] INFO 待爬取页为论文详情页
Sun, 25 Jun 2017 10:20:26 spider_main.py[line:109] INFO 解析详情页...
Sun, 25 Jun 2017 10:20:26 spider_main.py[line:115] INFO 详情页解析结果输出...
Sun, 25 Jun 2017 10:20:27 spider_main.py[line:129] INFO 将爬取成功页面设置为已爬取: http://ieeexplore.ieee.org/document/1608842/
Sun, 25 Jun 2017 10:20:27 spider_main.py[line:53] INFO crawl 12 : http://ieeexplore.ieee.org/document/1605693/
Sun, 25 Jun 2017 10:20:27 spider_main.py[line:69] INFO download successed
Sun, 25 Jun 2017 10:20:27 spider_main.py[line:106] INFO 待爬取页为论文详情页
Sun, 25 Jun 2017 10:20:27 spider_main.py[line:109] INFO 解析详情页...
Sun, 25 Jun 2017 10:20:27 spider_main.py[line:115] INFO 详情页解析结果输出...
Sun, 25 Jun 2017 10:20:27 spider_main.py[line:129] INFO 将爬取成功页面设置为已爬取: http://ieeexplore.ieee.org/document/1605693/
Sun, 25 Jun 2017 10:20:27 spider_main.py[line:53] INFO crawl 13 : http://ieeexplore.ieee.org/document/1581370/
Sun, 25 Jun 2017 10:20:27 spider_main.py[line:69] INFO download successed
Sun, 25 Jun 2017 10:20:27 spider_main.py[line:106] INFO 待爬取页为论文详情页
Sun, 25 Jun 2017 10:20:27 spider_main.py[line:109] INFO 解析详情页...
Sun, 25 Jun 2017 10:20:27 spider_main.py[line:115] INFO 详情页解析结果输出...
Sun, 25 Jun 2017 10:20:27 spider_main.py[line:129] INFO 将爬取成功页面设置为已爬取: http://ieeexplore.ieee.org/document/1581370/
Sun, 25 Jun 2017 10:20:27 spider_main.py[line:53] INFO crawl 14 : http://ieeexplore.ieee.org/document/1552011/
Sun, 25 Jun 2017 10:20:27 spider_main.py[line:69] INFO download successed
Sun, 25 Jun 2017 10:20:27 spider_main.py[line:106] INFO 待爬取页为论文详情页
Sun, 25 Jun 2017 10:20:27 spider_main.py[line:109] INFO 解析详情页...
Sun, 25 Jun 2017 10:20:27 spider_main.py[line:115] INFO 详情页解析结果输出...
Sun, 25 Jun 2017 10:20:27 spider_main.py[line:129] INFO 将爬取成功页面设置为已爬取: http://ieeexplore.ieee.org/document/1552011/
Sun, 25 Jun 2017 10:20:27 spider_main.py[line:53] INFO crawl 15 : http://ieeexplore.ieee.org/document/1551601/
Sun, 25 Jun 2017 10:20:27 spider_main.py[line:69] INFO download successed
Sun, 25 Jun 2017 10:20:27 spider_main.py[line:106] INFO 待爬取页为论文详情页
Sun, 25 Jun 2017 10:20:27 spider_main.py[line:109] INFO 解析详情页...
Sun, 25 Jun 2017 10:20:27 spider_main.py[line:115] INFO 详情页解析结果输出...
Sun, 25 Jun 2017 10:20:28 spider_main.py[line:129] INFO 将爬取成功页面设置为已爬取: http://ieeexplore.ieee.org/document/1551601/
Sun, 25 Jun 2017 10:20:28 spider_main.py[line:53] INFO crawl 16 : http://ieeexplore.ieee.org/document/7886126/
Sun, 25 Jun 2017 10:20:28 spider_main.py[line:69] INFO download successed
Sun, 25 Jun 2017 10:20:28 spider_main.py[line:106] INFO 待爬取页为论文详情页
Sun, 25 Jun 2017 10:20:28 spider_main.py[line:109] INFO 解析详情页...
Sun, 25 Jun 2017 10:20:28 spider_main.py[line:115] INFO 详情页解析结果输出...
Sun, 25 Jun 2017 10:20:28 spider_main.py[line:129] INFO 将爬取成功页面设置为已爬取: http://ieeexplore.ieee.org/document/7886126/
Sun, 25 Jun 2017 10:20:28 spider_main.py[line:53] INFO crawl 17 : http://ieeexplore.ieee.org/document/7839281/
Sun, 25 Jun 2017 10:20:28 spider_main.py[line:69] INFO download successed
Sun, 25 Jun 2017 10:20:28 spider_main.py[line:106] INFO 待爬取页为论文详情页
Sun, 25 Jun 2017 10:20:28 spider_main.py[line:109] INFO 解析详情页...
Sun, 25 Jun 2017 10:20:28 spider_main.py[line:115] INFO 详情页解析结果输出...
Sun, 25 Jun 2017 10:20:28 spider_main.py[line:129] INFO 将爬取成功页面设置为已爬取: http://ieeexplore.ieee.org/document/7839281/
Sun, 25 Jun 2017 10:20:28 spider_main.py[line:53] INFO crawl 18 : http://ieeexplore.ieee.org/document/7843187/
Sun, 25 Jun 2017 10:20:28 spider_main.py[line:69] INFO download successed
Sun, 25 Jun 2017 10:20:28 spider_main.py[line:106] INFO 待爬取页为论文详情页
Sun, 25 Jun 2017 10:20:28 spider_main.py[line:109] INFO 解析详情页...
Sun, 25 Jun 2017 10:20:28 spider_main.py[line:115] INFO 详情页解析结果输出...
Sun, 25 Jun 2017 10:20:28 spider_main.py[line:129] INFO 将爬取成功页面设置为已爬取: http://ieeexplore.ieee.org/document/7843187/
Sun, 25 Jun 2017 10:20:28 spider_main.py[line:53] INFO crawl 19 : http://ieeexplore.ieee.org/document/7843118/
Sun, 25 Jun 2017 10:20:28 spider_main.py[line:69] INFO download successed
Sun, 25 Jun 2017 10:20:28 spider_main.py[line:106] INFO 待爬取页为论文详情页
Sun, 25 Jun 2017 10:20:28 spider_main.py[line:109] INFO 解析详情页...
Sun, 25 Jun 2017 10:20:28 spider_main.py[line:115] INFO 详情页解析结果输出...
Sun, 25 Jun 2017 10:20:28 spider_main.py[line:129] INFO 将爬取成功页面设置为已爬取: http://ieeexplore.ieee.org/document/7843118/
Sun, 25 Jun 2017 10:20:28 spider_main.py[line:53] INFO crawl 20 : http://ieeexplore.ieee.org/document/7829735/
Sun, 25 Jun 2017 10:20:28 spider_main.py[line:69] INFO download successed
Sun, 25 Jun 2017 10:20:28 spider_main.py[line:106] INFO 待爬取页为论文详情页
Sun, 25 Jun 2017 10:20:28 spider_main.py[line:109] INFO 解析详情页...
Sun, 25 Jun 2017 10:20:29 spider_main.py[line:115] INFO 详情页解析结果输出...
Sun, 25 Jun 2017 10:20:29 spider_main.py[line:129] INFO 将爬取成功页面设置为已爬取: http://ieeexplore.ieee.org/document/7829735/
Sun, 25 Jun 2017 10:20:29 spider_main.py[line:53] INFO crawl 21 : http://ieeexplore.ieee.org/document/7801718/
Sun, 25 Jun 2017 10:20:29 spider_main.py[line:69] INFO download successed
Sun, 25 Jun 2017 10:20:29 spider_main.py[line:106] INFO 待爬取页为论文详情页
Sun, 25 Jun 2017 10:20:29 spider_main.py[line:109] INFO 解析详情页...
Sun, 25 Jun 2017 10:20:29 spider_main.py[line:115] INFO 详情页解析结果输出...
Sun, 25 Jun 2017 10:20:29 spider_main.py[line:129] INFO 将爬取成功页面设置为已爬取: http://ieeexplore.ieee.org/document/7801718/
Sun, 25 Jun 2017 10:20:29 spider_main.py[line:53] INFO crawl 22 : http://ieeexplore.ieee.org/document/7565004/
Sun, 25 Jun 2017 10:20:29 spider_main.py[line:69] INFO download successed
Sun, 25 Jun 2017 10:20:29 spider_main.py[line:106] INFO 待爬取页为论文详情页
Sun, 25 Jun 2017 10:20:29 spider_main.py[line:109] INFO 解析详情页...
Sun, 25 Jun 2017 10:20:29 spider_main.py[line:115] INFO 详情页解析结果输出...
Sun, 25 Jun 2017 10:20:29 spider_main.py[line:129] INFO 将爬取成功页面设置为已爬取: http://ieeexplore.ieee.org/document/7565004/
Sun, 25 Jun 2017 10:20:29 spider_main.py[line:53] INFO crawl 23 : http://ieeexplore.ieee.org/document/7511753/
Sun, 25 Jun 2017 10:20:29 spider_main.py[line:69] INFO download successed
Sun, 25 Jun 2017 10:20:29 spider_main.py[line:106] INFO 待爬取页为论文详情页
Sun, 25 Jun 2017 10:20:29 spider_main.py[line:109] INFO 解析详情页...
Sun, 25 Jun 2017 10:20:29 spider_main.py[line:115] INFO 详情页解析结果输出...
Sun, 25 Jun 2017 10:20:29 spider_main.py[line:129] INFO 将爬取成功页面设置为已爬取: http://ieeexplore.ieee.org/document/7511753/
Sun, 25 Jun 2017 10:20:29 spider_main.py[line:53] INFO crawl 24 : http://ieeexplore.ieee.org/document/7519256/
Sun, 25 Jun 2017 10:20:29 spider_main.py[line:69] INFO download successed
Sun, 25 Jun 2017 10:20:29 spider_main.py[line:106] INFO 待爬取页为论文详情页
Sun, 25 Jun 2017 10:20:29 spider_main.py[line:109] INFO 解析详情页...
Sun, 25 Jun 2017 10:20:29 spider_main.py[line:115] INFO 详情页解析结果输出...
Sun, 25 Jun 2017 10:20:29 spider_main.py[line:129] INFO 将爬取成功页面设置为已爬取: http://ieeexplore.ieee.org/document/7519256/
Sun, 25 Jun 2017 10:20:29 spider_main.py[line:53] INFO crawl 25 : http://ieeexplore.ieee.org/document/4412712/
Sun, 25 Jun 2017 10:20:29 spider_main.py[line:69] INFO download successed
Sun, 25 Jun 2017 10:20:29 spider_main.py[line:106] INFO 待爬取页为论文详情页
Sun, 25 Jun 2017 10:20:29 spider_main.py[line:109] INFO 解析详情页...
Sun, 25 Jun 2017 10:20:30 spider_main.py[line:115] INFO 详情页解析结果输出...
Sun, 25 Jun 2017 10:20:30 spider_main.py[line:129] INFO 将爬取成功页面设置为已爬取: http://ieeexplore.ieee.org/document/4412712/
Sun, 25 Jun 2017 10:20:30 spider_main.py[line:53] INFO crawl 26 : http://ieeexplore.ieee.org/document/4368097/
Sun, 25 Jun 2017 10:20:30 spider_main.py[line:69] INFO download successed
Sun, 25 Jun 2017 10:20:30 spider_main.py[line:106] INFO 待爬取页为论文详情页
Sun, 25 Jun 2017 10:20:30 spider_main.py[line:109] INFO 解析详情页...
Sun, 25 Jun 2017 10:20:30 spider_main.py[line:115] INFO 详情页解析结果输出...
Sun, 25 Jun 2017 10:20:30 spider_main.py[line:129] INFO 将爬取成功页面设置为已爬取: http://ieeexplore.ieee.org/document/4368097/
Sun, 25 Jun 2017 10:20:30 spider_main.py[line:53] INFO crawl 27 : http://ieeexplore.ieee.org/document/4362404/
Sun, 25 Jun 2017 10:20:30 spider_main.py[line:69] INFO download successed
Sun, 25 Jun 2017 10:20:30 spider_main.py[line:106] INFO 待爬取页为论文详情页
Sun, 25 Jun 2017 10:20:30 spider_main.py[line:109] INFO 解析详情页...
Sun, 25 Jun 2017 10:20:30 spider_main.py[line:115] INFO 详情页解析结果输出...
Sun, 25 Jun 2017 10:20:30 spider_main.py[line:129] INFO 将爬取成功页面设置为已爬取: http://ieeexplore.ieee.org/document/4362404/
Sun, 25 Jun 2017 10:20:30 spider_main.py[line:53] INFO crawl 28 : http://ieeexplore.ieee.org/document/4015131/
Sun, 25 Jun 2017 10:20:30 spider_main.py[line:69] INFO download successed
Sun, 25 Jun 2017 10:20:30 spider_main.py[line:106] INFO 待爬取页为论文详情页
Sun, 25 Jun 2017 10:20:30 spider_main.py[line:109] INFO 解析详情页...
Sun, 25 Jun 2017 10:20:30 spider_main.py[line:115] INFO 详情页解析结果输出...
Sun, 25 Jun 2017 10:20:30 spider_main.py[line:129] INFO 将爬取成功页面设置为已爬取: http://ieeexplore.ieee.org/document/4015131/
Sun, 25 Jun 2017 10:20:30 spider_main.py[line:53] INFO crawl 29 : http://ieeexplore.ieee.org/document/7946990/
Sun, 25 Jun 2017 10:20:30 spider_main.py[line:69] INFO download successed
Sun, 25 Jun 2017 10:20:30 spider_main.py[line:106] INFO 待爬取页为论文详情页
Sun, 25 Jun 2017 10:20:30 spider_main.py[line:109] INFO 解析详情页...
Sun, 25 Jun 2017 10:20:30 spider_main.py[line:115] INFO 详情页解析结果输出...
Sun, 25 Jun 2017 10:20:31 spider_main.py[line:129] INFO 将爬取成功页面设置为已爬取: http://ieeexplore.ieee.org/document/7946990/
Sun, 25 Jun 2017 10:20:31 spider_main.py[line:53] INFO crawl 30 : http://ieeexplore.ieee.org/document/7945587/
Sun, 25 Jun 2017 10:20:31 spider_main.py[line:69] INFO download successed
Sun, 25 Jun 2017 10:20:31 spider_main.py[line:106] INFO 待爬取页为论文详情页
Sun, 25 Jun 2017 10:20:31 spider_main.py[line:109] INFO 解析详情页...
Sun, 25 Jun 2017 10:20:31 spider_main.py[line:123] INFO 将解析失败页面设置为已爬取: http://ieeexplore.ieee.org/document/7945587/
Sun, 25 Jun 2017 10:20:31 spider_main.py[line:124] INFO 【【解析失败】】: 'NoneType' object has no attribute 'find_all'
Sun, 25 Jun 2017 10:20:31 spider_main.py[line:152] WARNING 【【crawl failed】】:'NoneType' object has no attribute 'find_all'
Sun, 25 Jun 2017 10:20:31 spider_main.py[line:53] INFO crawl 30 : http://ieeexplore.ieee.org/document/7945599/
Sun, 25 Jun 2017 10:20:31 spider_main.py[line:69] INFO download successed
Sun, 25 Jun 2017 10:20:31 spider_main.py[line:106] INFO 待爬取页为论文详情页
Sun, 25 Jun 2017 10:20:31 spider_main.py[line:109] INFO 解析详情页...
Sun, 25 Jun 2017 10:20:31 spider_main.py[line:123] INFO 将解析失败页面设置为已爬取: http://ieeexplore.ieee.org/document/7945599/
Sun, 25 Jun 2017 10:20:31 spider_main.py[line:124] INFO 【【解析失败】】: 'NoneType' object has no attribute 'find_all'
Sun, 25 Jun 2017 10:20:31 spider_main.py[line:152] WARNING 【【crawl failed】】:'NoneType' object has no attribute 'find_all'
Sun, 25 Jun 2017 10:20:31 spider_main.py[line:53] INFO crawl 30 : http://ieeexplore.ieee.org/document/7470569/
Sun, 25 Jun 2017 10:20:31 spider_main.py[line:69] INFO download successed
Sun, 25 Jun 2017 10:20:31 spider_main.py[line:106] INFO 待爬取页为论文详情页
Sun, 25 Jun 2017 10:20:31 spider_main.py[line:109] INFO 解析详情页...
Sun, 25 Jun 2017 10:20:31 spider_main.py[line:115] INFO 详情页解析结果输出...
Sun, 25 Jun 2017 10:20:31 spider_main.py[line:129] INFO 将爬取成功页面设置为已爬取: http://ieeexplore.ieee.org/document/7470569/
Sun, 25 Jun 2017 10:20:31 spider_main.py[line:53] INFO crawl 31 : http://ieeexplore.ieee.org/document/7928123/
Sun, 25 Jun 2017 10:20:31 spider_main.py[line:69] INFO download successed
Sun, 25 Jun 2017 10:20:31 spider_main.py[line:106] INFO 待爬取页为论文详情页
Sun, 25 Jun 2017 10:20:31 spider_main.py[line:109] INFO 解析详情页...
Sun, 25 Jun 2017 10:20:31 spider_main.py[line:115] INFO 详情页解析结果输出...
Sun, 25 Jun 2017 10:20:31 spider_main.py[line:129] INFO 将爬取成功页面设置为已爬取: http://ieeexplore.ieee.org/document/7928123/
Sun, 25 Jun 2017 10:20:31 spider_main.py[line:53] INFO crawl 32 : http://ieeexplore.ieee.org/document/7879158/
Sun, 25 Jun 2017 10:20:31 spider_main.py[line:69] INFO download successed
Sun, 25 Jun 2017 10:20:31 spider_main.py[line:106] INFO 待爬取页为论文详情页
Sun, 25 Jun 2017 10:20:31 spider_main.py[line:109] INFO 解析详情页...
Sun, 25 Jun 2017 10:20:31 spider_main.py[line:115] INFO 详情页解析结果输出...
Sun, 25 Jun 2017 10:20:31 spider_main.py[line:129] INFO 将爬取成功页面设置为已爬取: http://ieeexplore.ieee.org/document/7879158/
Sun, 25 Jun 2017 10:20:31 spider_main.py[line:53] INFO crawl 33 : http://ieeexplore.ieee.org/document/7862269/
Sun, 25 Jun 2017 10:20:31 spider_main.py[line:69] INFO download successed
Sun, 25 Jun 2017 10:20:31 spider_main.py[line:106] INFO 待爬取页为论文详情页
Sun, 25 Jun 2017 10:20:31 spider_main.py[line:109] INFO 解析详情页...
Sun, 25 Jun 2017 10:20:32 spider_main.py[line:123] INFO 将解析失败页面设置为已爬取: http://ieeexplore.ieee.org/document/7862269/
Sun, 25 Jun 2017 10:20:32 spider_main.py[line:124] INFO 【【解析失败】】: 'NoneType' object has no attribute 'find_all'
Sun, 25 Jun 2017 10:20:32 spider_main.py[line:152] WARNING 【【crawl failed】】:'NoneType' object has no attribute 'find_all'
Sun, 25 Jun 2017 10:20:32 spider_main.py[line:53] INFO crawl 33 : http://ieeexplore.ieee.org/document/7843875/
Sun, 25 Jun 2017 10:20:32 spider_main.py[line:69] INFO download successed
Sun, 25 Jun 2017 10:20:32 spider_main.py[line:106] INFO 待爬取页为论文详情页
Sun, 25 Jun 2017 10:20:32 spider_main.py[line:109] INFO 解析详情页...
Sun, 25 Jun 2017 10:20:32 spider_main.py[line:123] INFO 将解析失败页面设置为已爬取: http://ieeexplore.ieee.org/document/7843875/
Sun, 25 Jun 2017 10:20:32 spider_main.py[line:124] INFO 【【解析失败】】: 'NoneType' object has no attribute 'find_all'
Sun, 25 Jun 2017 10:20:32 spider_main.py[line:152] WARNING 【【crawl failed】】:'NoneType' object has no attribute 'find_all'
Sun, 25 Jun 2017 10:20:32 spider_main.py[line:53] INFO crawl 33 : http://ieeexplore.ieee.org/document/7843287/
Sun, 25 Jun 2017 10:20:32 spider_main.py[line:69] INFO download successed
Sun, 25 Jun 2017 10:20:32 spider_main.py[line:106] INFO 待爬取页为论文详情页
Sun, 25 Jun 2017 10:20:32 spider_main.py[line:109] INFO 解析详情页...
Sun, 25 Jun 2017 10:20:32 spider_main.py[line:115] INFO 详情页解析结果输出...
Sun, 25 Jun 2017 10:20:32 spider_main.py[line:129] INFO 将爬取成功页面设置为已爬取: http://ieeexplore.ieee.org/document/7843287/
Sun, 25 Jun 2017 10:20:32 spider_main.py[line:53] INFO crawl 34 : http://ieeexplore.ieee.org/document/7843209/
Sun, 25 Jun 2017 10:20:32 spider_main.py[line:69] INFO download successed
Sun, 25 Jun 2017 10:20:32 spider_main.py[line:106] INFO 待爬取页为论文详情页
Sun, 25 Jun 2017 10:20:32 spider_main.py[line:109] INFO 解析详情页...
Sun, 25 Jun 2017 10:20:32 spider_main.py[line:115] INFO 详情页解析结果输出...
Sun, 25 Jun 2017 10:20:32 spider_main.py[line:129] INFO 将爬取成功页面设置为已爬取: http://ieeexplore.ieee.org/document/7843209/
Sun, 25 Jun 2017 10:20:32 spider_main.py[line:53] INFO crawl 35 : http://ieeexplore.ieee.org/document/7779283/
Sun, 25 Jun 2017 10:20:32 spider_main.py[line:69] INFO download successed
Sun, 25 Jun 2017 10:20:32 spider_main.py[line:106] INFO 待爬取页为论文详情页
Sun, 25 Jun 2017 10:20:32 spider_main.py[line:109] INFO 解析详情页...
Sun, 25 Jun 2017 10:20:32 spider_main.py[line:115] INFO 详情页解析结果输出...
Sun, 25 Jun 2017 10:20:32 spider_main.py[line:129] INFO 将爬取成功页面设置为已爬取: http://ieeexplore.ieee.org/document/7779283/
Sun, 25 Jun 2017 10:20:32 spider_main.py[line:53] INFO crawl 36 : http://ieeexplore.ieee.org/document/7773919/
Sun, 25 Jun 2017 10:20:32 spider_main.py[line:69] INFO download successed
Sun, 25 Jun 2017 10:20:32 spider_main.py[line:106] INFO 待爬取页为论文详情页
Sun, 25 Jun 2017 10:20:32 spider_main.py[line:109] INFO 解析详情页...
Sun, 25 Jun 2017 10:20:32 spider_main.py[line:123] INFO 将解析失败页面设置为已爬取: http://ieeexplore.ieee.org/document/7773919/
Sun, 25 Jun 2017 10:20:32 spider_main.py[line:124] INFO 【【解析失败】】: 'NoneType' object has no attribute 'find_all'
Sun, 25 Jun 2017 10:20:32 spider_main.py[line:152] WARNING 【【crawl failed】】:'NoneType' object has no attribute 'find_all'
Sun, 25 Jun 2017 10:20:32 spider_main.py[line:53] INFO crawl 36 : http://ieeexplore.ieee.org/document/7750879/
Sun, 25 Jun 2017 10:20:32 spider_main.py[line:69] INFO download successed
Sun, 25 Jun 2017 10:20:32 spider_main.py[line:106] INFO 待爬取页为论文详情页
Sun, 25 Jun 2017 10:20:32 spider_main.py[line:109] INFO 解析详情页...
Sun, 25 Jun 2017 10:20:32 spider_main.py[line:123] INFO 将解析失败页面设置为已爬取: http://ieeexplore.ieee.org/document/7750879/
Sun, 25 Jun 2017 10:20:32 spider_main.py[line:124] INFO 【【解析失败】】: 'NoneType' object has no attribute 'find_all'
Sun, 25 Jun 2017 10:20:32 spider_main.py[line:152] WARNING 【【crawl failed】】:'NoneType' object has no attribute 'find_all'
Sun, 25 Jun 2017 10:20:32 spider_main.py[line:53] INFO crawl 36 : http://ieeexplore.ieee.org/document/7750884/
Sun, 25 Jun 2017 10:20:32 spider_main.py[line:69] INFO download successed
Sun, 25 Jun 2017 10:20:32 spider_main.py[line:106] INFO 待爬取页为论文详情页
Sun, 25 Jun 2017 10:20:32 spider_main.py[line:109] INFO 解析详情页...
Sun, 25 Jun 2017 10:20:33 spider_main.py[line:123] INFO 将解析失败页面设置为已爬取: http://ieeexplore.ieee.org/document/7750884/
Sun, 25 Jun 2017 10:20:33 spider_main.py[line:124] INFO 【【解析失败】】: 'NoneType' object has no attribute 'find_all'
Sun, 25 Jun 2017 10:20:33 spider_main.py[line:152] WARNING 【【crawl failed】】:'NoneType' object has no attribute 'find_all'
Sun, 25 Jun 2017 10:20:33 spider_main.py[line:53] INFO crawl 36 : http://ieeexplore.ieee.org/document/7695939/
Sun, 25 Jun 2017 10:20:33 spider_main.py[line:69] INFO download successed
Sun, 25 Jun 2017 10:20:33 spider_main.py[line:106] INFO 待爬取页为论文详情页
Sun, 25 Jun 2017 10:20:33 spider_main.py[line:109] INFO 解析详情页...
Sun, 25 Jun 2017 10:20:33 spider_main.py[line:115] INFO 详情页解析结果输出...
Sun, 25 Jun 2017 10:20:33 spider_main.py[line:129] INFO 将爬取成功页面设置为已爬取: http://ieeexplore.ieee.org/document/7695939/
Sun, 25 Jun 2017 10:20:33 spider_main.py[line:53] INFO crawl 37 : http://ieeexplore.ieee.org/document/7587733/
Sun, 25 Jun 2017 10:20:33 spider_main.py[line:69] INFO download successed
Sun, 25 Jun 2017 10:20:33 spider_main.py[line:106] INFO 待爬取页为论文详情页
Sun, 25 Jun 2017 10:20:33 spider_main.py[line:109] INFO 解析详情页...
Sun, 25 Jun 2017 10:20:33 spider_main.py[line:115] INFO 详情页解析结果输出...
Sun, 25 Jun 2017 10:20:33 spider_main.py[line:129] INFO 将爬取成功页面设置为已爬取: http://ieeexplore.ieee.org/document/7587733/
Sun, 25 Jun 2017 10:20:33 spider_main.py[line:53] INFO crawl 38 : http://ieeexplore.ieee.org/document/7522710/
Sun, 25 Jun 2017 10:20:33 spider_main.py[line:69] INFO download successed
Sun, 25 Jun 2017 10:20:33 spider_main.py[line:106] INFO 待爬取页为论文详情页
Sun, 25 Jun 2017 10:20:33 spider_main.py[line:109] INFO 解析详情页...
Sun, 25 Jun 2017 10:20:33 spider_main.py[line:115] INFO 详情页解析结果输出...
Sun, 25 Jun 2017 10:20:33 spider_main.py[line:129] INFO 将爬取成功页面设置为已爬取: http://ieeexplore.ieee.org/document/7522710/
Sun, 25 Jun 2017 10:20:33 spider_main.py[line:53] INFO crawl 39 : http://ieeexplore.ieee.org/document/7484394/
Sun, 25 Jun 2017 10:20:33 spider_main.py[line:69] INFO download successed
Sun, 25 Jun 2017 10:20:33 spider_main.py[line:106] INFO 待爬取页为论文详情页
Sun, 25 Jun 2017 10:20:33 spider_main.py[line:109] INFO 解析详情页...
Sun, 25 Jun 2017 10:20:33 spider_main.py[line:115] INFO 详情页解析结果输出...
Sun, 25 Jun 2017 10:20:34 spider_main.py[line:129] INFO 将爬取成功页面设置为已爬取: http://ieeexplore.ieee.org/document/7484394/
Sun, 25 Jun 2017 10:20:34 spider_main.py[line:53] INFO crawl 40 : http://ieeexplore.ieee.org/document/7425995/
Sun, 25 Jun 2017 10:20:34 spider_main.py[line:69] INFO download successed
Sun, 25 Jun 2017 10:20:34 spider_main.py[line:106] INFO 待爬取页为论文详情页
Sun, 25 Jun 2017 10:20:34 spider_main.py[line:109] INFO 解析详情页...
Sun, 25 Jun 2017 10:20:34 spider_main.py[line:115] INFO 详情页解析结果输出...
Sun, 25 Jun 2017 10:20:34 spider_main.py[line:129] INFO 将爬取成功页面设置为已爬取: http://ieeexplore.ieee.org/document/7425995/
Sun, 25 Jun 2017 10:20:34 spider_main.py[line:53] INFO crawl 41 : http://ieeexplore.ieee.org/document/7362162/
Sun, 25 Jun 2017 10:20:34 spider_main.py[line:69] INFO download successed
Sun, 25 Jun 2017 10:20:34 spider_main.py[line:106] INFO 待爬取页为论文详情页
Sun, 25 Jun 2017 10:20:34 spider_main.py[line:109] INFO 解析详情页...
Sun, 25 Jun 2017 10:20:34 spider_main.py[line:115] INFO 详情页解析结果输出...
Sun, 25 Jun 2017 10:20:34 spider_main.py[line:129] INFO 将爬取成功页面设置为已爬取: http://ieeexplore.ieee.org/document/7362162/
Sun, 25 Jun 2017 10:20:34 spider_main.py[line:53] INFO crawl 42 : http://ieeexplore.ieee.org/document/4463532/
Sun, 25 Jun 2017 10:20:34 spider_main.py[line:69] INFO download successed
Sun, 25 Jun 2017 10:20:34 spider_main.py[line:106] INFO 待爬取页为论文详情页
Sun, 25 Jun 2017 10:20:34 spider_main.py[line:109] INFO 解析详情页...
Sun, 25 Jun 2017 10:20:34 spider_main.py[line:115] INFO 详情页解析结果输出...
Sun, 25 Jun 2017 10:20:34 spider_main.py[line:129] INFO 将爬取成功页面设置为已爬取: http://ieeexplore.ieee.org/document/4463532/
Sun, 25 Jun 2017 10:20:34 spider_main.py[line:53] INFO crawl 43 : http://ieeexplore.ieee.org/document/4410929/
Sun, 25 Jun 2017 10:20:34 spider_main.py[line:69] INFO download successed
Sun, 25 Jun 2017 10:20:34 spider_main.py[line:106] INFO 待爬取页为论文详情页
Sun, 25 Jun 2017 10:20:34 spider_main.py[line:109] INFO 解析详情页...
Sun, 25 Jun 2017 10:20:34 spider_main.py[line:115] INFO 详情页解析结果输出...
Sun, 25 Jun 2017 10:20:34 spider_main.py[line:129] INFO 将爬取成功页面设置为已爬取: http://ieeexplore.ieee.org/document/4410929/
Sun, 25 Jun 2017 10:20:34 spider_main.py[line:53] INFO crawl 44 : http://ieeexplore.ieee.org/document/4405018/
Sun, 25 Jun 2017 10:20:34 spider_main.py[line:69] INFO download successed
Sun, 25 Jun 2017 10:20:34 spider_main.py[line:106] INFO 待爬取页为论文详情页
Sun, 25 Jun 2017 10:20:34 spider_main.py[line:109] INFO 解析详情页...
Sun, 25 Jun 2017 10:20:34 spider_main.py[line:115] INFO 详情页解析结果输出...
Sun, 25 Jun 2017 10:20:35 spider_main.py[line:129] INFO 将爬取成功页面设置为已爬取: http://ieeexplore.ieee.org/document/4405018/
Sun, 25 Jun 2017 10:20:35 spider_main.py[line:53] INFO crawl 45 : http://ieeexplore.ieee.org/document/4393614/
Sun, 25 Jun 2017 10:20:35 spider_main.py[line:69] INFO download successed
Sun, 25 Jun 2017 10:20:35 spider_main.py[line:106] INFO 待爬取页为论文详情页
Sun, 25 Jun 2017 10:20:35 spider_main.py[line:109] INFO 解析详情页...
Sun, 25 Jun 2017 10:20:35 spider_main.py[line:115] INFO 详情页解析结果输出...
Sun, 25 Jun 2017 10:20:35 spider_main.py[line:129] INFO 将爬取成功页面设置为已爬取: http://ieeexplore.ieee.org/document/4393614/
Sun, 25 Jun 2017 10:20:35 spider_main.py[line:53] INFO crawl 46 : http://ieeexplore.ieee.org/document/4368122/
Sun, 25 Jun 2017 10:20:35 spider_main.py[line:69] INFO download successed
Sun, 25 Jun 2017 10:20:35 spider_main.py[line:106] INFO 待爬取页为论文详情页
Sun, 25 Jun 2017 10:20:35 spider_main.py[line:109] INFO 解析详情页...
Sun, 25 Jun 2017 10:20:35 spider_main.py[line:115] INFO 详情页解析结果输出...
Sun, 25 Jun 2017 10:20:35 spider_main.py[line:129] INFO 将爬取成功页面设置为已爬取: http://ieeexplore.ieee.org/document/4368122/
Sun, 25 Jun 2017 10:20:35 spider_main.py[line:53] INFO crawl 47 : http://ieeexplore.ieee.org/document/4368087/
Sun, 25 Jun 2017 10:20:35 spider_main.py[line:69] INFO download successed
Sun, 25 Jun 2017 10:20:35 spider_main.py[line:106] INFO 待爬取页为论文详情页
Sun, 25 Jun 2017 10:20:35 spider_main.py[line:109] INFO 解析详情页...
Sun, 25 Jun 2017 10:20:35 spider_main.py[line:115] INFO 详情页解析结果输出...
Sun, 25 Jun 2017 10:20:35 spider_main.py[line:129] INFO 将爬取成功页面设置为已爬取: http://ieeexplore.ieee.org/document/4368087/
Sun, 25 Jun 2017 10:20:35 spider_main.py[line:53] INFO crawl 48 : http://ieeexplore.ieee.org/document/4341510/
Sun, 25 Jun 2017 10:20:35 spider_main.py[line:69] INFO download successed
Sun, 25 Jun 2017 10:20:35 spider_main.py[line:106] INFO 待爬取页为论文详情页
Sun, 25 Jun 2017 10:20:35 spider_main.py[line:109] INFO 解析详情页...
Sun, 25 Jun 2017 10:20:35 spider_main.py[line:115] INFO 详情页解析结果输出...
Sun, 25 Jun 2017 10:20:36 spider_main.py[line:129] INFO 将爬取成功页面设置为已爬取: http://ieeexplore.ieee.org/document/4341510/
Sun, 25 Jun 2017 10:20:36 spider_main.py[line:53] INFO crawl 49 : http://ieeexplore.ieee.org/document/4195192/
Sun, 25 Jun 2017 10:20:36 spider_main.py[line:69] INFO download successed
Sun, 25 Jun 2017 10:20:36 spider_main.py[line:106] INFO 待爬取页为论文详情页
Sun, 25 Jun 2017 10:20:36 spider_main.py[line:109] INFO 解析详情页...
Sun, 25 Jun 2017 10:20:36 spider_main.py[line:115] INFO 详情页解析结果输出...
Sun, 25 Jun 2017 10:20:36 spider_main.py[line:129] INFO 将爬取成功页面设置为已爬取: http://ieeexplore.ieee.org/document/4195192/
Sun, 25 Jun 2017 10:20:36 spider_main.py[line:53] INFO crawl 50 : http://ieeexplore.ieee.org/document/4149654/
Sun, 25 Jun 2017 10:20:36 spider_main.py[line:69] INFO download successed
Sun, 25 Jun 2017 10:20:36 spider_main.py[line:106] INFO 待爬取页为论文详情页
Sun, 25 Jun 2017 10:20:36 spider_main.py[line:109] INFO 解析详情页...
Sun, 25 Jun 2017 10:20:36 spider_main.py[line:115] INFO 详情页解析结果输出...
Sun, 25 Jun 2017 10:20:36 spider_main.py[line:129] INFO 将爬取成功页面设置为已爬取: http://ieeexplore.ieee.org/document/4149654/
Sun, 25 Jun 2017 10:20:36 spider_main.py[line:53] INFO crawl 51 : http://ieeexplore.ieee.org/document/4057883/
Sun, 25 Jun 2017 10:20:36 spider_main.py[line:69] INFO download successed
Sun, 25 Jun 2017 10:20:36 spider_main.py[line:106] INFO 待爬取页为论文详情页
Sun, 25 Jun 2017 10:20:36 spider_main.py[line:109] INFO 解析详情页...
Sun, 25 Jun 2017 10:20:36 spider_main.py[line:115] INFO 详情页解析结果输出...
Sun, 25 Jun 2017 10:20:36 spider_main.py[line:129] INFO 将爬取成功页面设置为已爬取: http://ieeexplore.ieee.org/document/4057883/
Sun, 25 Jun 2017 10:20:36 spider_main.py[line:53] INFO crawl 52 : http://ieeexplore.ieee.org/document/7945578/
Sun, 25 Jun 2017 10:20:36 spider_main.py[line:69] INFO download successed
Sun, 25 Jun 2017 10:20:36 spider_main.py[line:106] INFO 待爬取页为论文详情页
Sun, 25 Jun 2017 10:20:36 spider_main.py[line:109] INFO 解析详情页...
Sun, 25 Jun 2017 10:20:36 spider_main.py[line:123] INFO 将解析失败页面设置为已爬取: http://ieeexplore.ieee.org/document/7945578/
Sun, 25 Jun 2017 10:20:36 spider_main.py[line:124] INFO 【【解析失败】】: 'NoneType' object has no attribute 'find_all'
Sun, 25 Jun 2017 10:20:36 spider_main.py[line:152] WARNING 【【crawl failed】】:'NoneType' object has no attribute 'find_all'
Sun, 25 Jun 2017 10:20:36 spider_main.py[line:53] INFO crawl 52 : http://ieeexplore.ieee.org/document/7508956/
Sun, 25 Jun 2017 10:20:36 spider_main.py[line:69] INFO download successed
Sun, 25 Jun 2017 10:20:36 spider_main.py[line:106] INFO 待爬取页为论文详情页
Sun, 25 Jun 2017 10:20:36 spider_main.py[line:109] INFO 解析详情页...
Sun, 25 Jun 2017 10:20:36 spider_main.py[line:115] INFO 详情页解析结果输出...
Sun, 25 Jun 2017 10:20:36 spider_main.py[line:129] INFO 将爬取成功页面设置为已爬取: http://ieeexplore.ieee.org/document/7508956/
Sun, 25 Jun 2017 10:20:36 spider_main.py[line:53] INFO crawl 53 : http://ieeexplore.ieee.org/document/7433930/
Sun, 25 Jun 2017 10:20:36 spider_main.py[line:69] INFO download successed
Sun, 25 Jun 2017 10:20:36 spider_main.py[line:106] INFO 待爬取页为论文详情页
Sun, 25 Jun 2017 10:20:36 spider_main.py[line:109] INFO 解析详情页...
Sun, 25 Jun 2017 10:20:37 spider_main.py[line:115] INFO 详情页解析结果输出...
Sun, 25 Jun 2017 10:20:37 spider_main.py[line:129] INFO 将爬取成功页面设置为已爬取: http://ieeexplore.ieee.org/document/7433930/
Sun, 25 Jun 2017 10:20:37 spider_main.py[line:53] INFO crawl 54 : http://ieeexplore.ieee.org/document/7930485/
Sun, 25 Jun 2017 10:20:37 spider_main.py[line:69] INFO download successed
Sun, 25 Jun 2017 10:20:37 spider_main.py[line:106] INFO 待爬取页为论文详情页
Sun, 25 Jun 2017 10:20:37 spider_main.py[line:109] INFO 解析详情页...
Sun, 25 Jun 2017 10:20:37 spider_main.py[line:115] INFO 详情页解析结果输出...
Sun, 25 Jun 2017 10:20:37 spider_main.py[line:129] INFO 将爬取成功页面设置为已爬取: http://ieeexplore.ieee.org/document/7930485/
Sun, 25 Jun 2017 10:20:37 spider_main.py[line:53] INFO crawl 55 : http://ieeexplore.ieee.org/document/7927297/
Sun, 25 Jun 2017 10:20:37 spider_main.py[line:69] INFO download successed
Sun, 25 Jun 2017 10:20:37 spider_main.py[line:106] INFO 待爬取页为论文详情页
Sun, 25 Jun 2017 10:20:37 spider_main.py[line:109] INFO 解析详情页...
Sun, 25 Jun 2017 10:20:37 spider_main.py[line:115] INFO 详情页解析结果输出...
Sun, 25 Jun 2017 10:20:37 spider_main.py[line:129] INFO 将爬取成功页面设置为已爬取: http://ieeexplore.ieee.org/document/7927297/
Sun, 25 Jun 2017 10:20:37 spider_main.py[line:53] INFO crawl 56 : http://ieeexplore.ieee.org/document/7927322/
Sun, 25 Jun 2017 10:20:37 spider_main.py[line:69] INFO download successed
Sun, 25 Jun 2017 10:20:37 spider_main.py[line:106] INFO 待爬取页为论文详情页
Sun, 25 Jun 2017 10:20:37 spider_main.py[line:109] INFO 解析详情页...
Sun, 25 Jun 2017 10:20:37 spider_main.py[line:115] INFO 详情页解析结果输出...
Sun, 25 Jun 2017 10:20:37 spider_main.py[line:129] INFO 将爬取成功页面设置为已爬取: http://ieeexplore.ieee.org/document/7927322/
Sun, 25 Jun 2017 10:20:37 spider_main.py[line:53] INFO crawl 57 : http://ieeexplore.ieee.org/document/7907290/
Sun, 25 Jun 2017 10:20:37 spider_main.py[line:69] INFO download successed
Sun, 25 Jun 2017 10:20:37 spider_main.py[line:106] INFO 待爬取页为论文详情页
Sun, 25 Jun 2017 10:20:37 spider_main.py[line:109] INFO 解析详情页...
Sun, 25 Jun 2017 10:20:37 spider_main.py[line:115] INFO 详情页解析结果输出...
Sun, 25 Jun 2017 10:20:37 spider_main.py[line:129] INFO 将爬取成功页面设置为已爬取: http://ieeexplore.ieee.org/document/7907290/
Sun, 25 Jun 2017 10:20:37 spider_main.py[line:53] INFO crawl 58 : http://ieeexplore.ieee.org/document/7482659/
Sun, 25 Jun 2017 10:20:37 spider_main.py[line:69] INFO download successed
Sun, 25 Jun 2017 10:20:37 spider_main.py[line:106] INFO 待爬取页为论文详情页
Sun, 25 Jun 2017 10:20:37 spider_main.py[line:109] INFO 解析详情页...
Sun, 25 Jun 2017 10:20:38 spider_main.py[line:115] INFO 详情页解析结果输出...
Sun, 25 Jun 2017 10:20:38 spider_main.py[line:129] INFO 将爬取成功页面设置为已爬取: http://ieeexplore.ieee.org/document/7482659/
Sun, 25 Jun 2017 10:20:38 spider_main.py[line:53] INFO crawl 59 : http://ieeexplore.ieee.org/document/7843096/
Sun, 25 Jun 2017 10:20:38 spider_main.py[line:69] INFO download successed
Sun, 25 Jun 2017 10:20:38 spider_main.py[line:106] INFO 待爬取页为论文详情页
Sun, 25 Jun 2017 10:20:38 spider_main.py[line:109] INFO 解析详情页...
Sun, 25 Jun 2017 10:20:38 spider_main.py[line:115] INFO 详情页解析结果输出...
Sun, 25 Jun 2017 10:20:38 spider_main.py[line:129] INFO 将爬取成功页面设置为已爬取: http://ieeexplore.ieee.org/document/7843096/
Sun, 25 Jun 2017 10:20:38 spider_main.py[line:53] INFO crawl 60 : http://ieeexplore.ieee.org/document/7821416/
Sun, 25 Jun 2017 10:20:38 spider_main.py[line:69] INFO download successed
Sun, 25 Jun 2017 10:20:38 spider_main.py[line:106] INFO 待爬取页为论文详情页
Sun, 25 Jun 2017 10:20:38 spider_main.py[line:109] INFO 解析详情页...
Sun, 25 Jun 2017 10:20:38 spider_main.py[line:115] INFO 详情页解析结果输出...
Sun, 25 Jun 2017 10:20:38 spider_main.py[line:129] INFO 将爬取成功页面设置为已爬取: http://ieeexplore.ieee.org/document/7821416/
Sun, 25 Jun 2017 10:20:38 spider_main.py[line:53] INFO crawl 61 : http://ieeexplore.ieee.org/document/7815772/
Sun, 25 Jun 2017 10:20:38 spider_main.py[line:69] INFO download successed
Sun, 25 Jun 2017 10:20:38 spider_main.py[line:106] INFO 待爬取页为论文详情页
Sun, 25 Jun 2017 10:20:38 spider_main.py[line:109] INFO 解析详情页...
Sun, 25 Jun 2017 10:20:38 spider_main.py[line:115] INFO 详情页解析结果输出...
Sun, 25 Jun 2017 10:20:39 spider_main.py[line:129] INFO 将爬取成功页面设置为已爬取: http://ieeexplore.ieee.org/document/7815772/
Sun, 25 Jun 2017 10:20:39 spider_main.py[line:53] INFO crawl 62 : http://ieeexplore.ieee.org/document/7808740/
Sun, 25 Jun 2017 10:20:39 spider_main.py[line:69] INFO download successed
Sun, 25 Jun 2017 10:20:39 spider_main.py[line:106] INFO 待爬取页为论文详情页
Sun, 25 Jun 2017 10:20:39 spider_main.py[line:109] INFO 解析详情页...
Sun, 25 Jun 2017 10:20:39 spider_main.py[line:115] INFO 详情页解析结果输出...
Sun, 25 Jun 2017 10:20:39 spider_main.py[line:129] INFO 将爬取成功页面设置为已爬取: http://ieeexplore.ieee.org/document/7808740/
Sun, 25 Jun 2017 10:20:39 spider_main.py[line:53] INFO crawl 63 : http://ieeexplore.ieee.org/document/1711151/
Sun, 25 Jun 2017 10:20:39 spider_main.py[line:69] INFO download successed
Sun, 25 Jun 2017 10:20:39 spider_main.py[line:106] INFO 待爬取页为论文详情页
Sun, 25 Jun 2017 10:20:39 spider_main.py[line:109] INFO 解析详情页...
Sun, 25 Jun 2017 10:20:39 spider_main.py[line:115] INFO 详情页解析结果输出...
Sun, 25 Jun 2017 10:20:39 spider_main.py[line:129] INFO 将爬取成功页面设置为已爬取: http://ieeexplore.ieee.org/document/1711151/
Sun, 25 Jun 2017 10:20:39 spider_main.py[line:53] INFO crawl 64 : http://ieeexplore.ieee.org/document/1689423/
Sun, 25 Jun 2017 10:20:39 spider_main.py[line:69] INFO download successed
Sun, 25 Jun 2017 10:20:39 spider_main.py[line:106] INFO 待爬取页为论文详情页
Sun, 25 Jun 2017 10:20:39 spider_main.py[line:109] INFO 解析详情页...
Sun, 25 Jun 2017 10:20:39 spider_main.py[line:115] INFO 详情页解析结果输出...
Sun, 25 Jun 2017 10:20:39 spider_main.py[line:129] INFO 将爬取成功页面设置为已爬取: http://ieeexplore.ieee.org/document/1689423/
Sun, 25 Jun 2017 10:20:39 spider_main.py[line:53] INFO crawl 65 : http://ieeexplore.ieee.org/document/1692717/
Sun, 25 Jun 2017 10:20:39 spider_main.py[line:69] INFO download successed
Sun, 25 Jun 2017 10:20:39 spider_main.py[line:106] INFO 待爬取页为论文详情页
Sun, 25 Jun 2017 10:20:39 spider_main.py[line:109] INFO 解析详情页...
Sun, 25 Jun 2017 10:20:39 spider_main.py[line:115] INFO 详情页解析结果输出...
Sun, 25 Jun 2017 10:20:39 spider_main.py[line:129] INFO 将爬取成功页面设置为已爬取: http://ieeexplore.ieee.org/document/1692717/
Sun, 25 Jun 2017 10:20:39 spider_main.py[line:53] INFO crawl 66 : http://ieeexplore.ieee.org/document/1693485/
Sun, 25 Jun 2017 10:20:39 spider_main.py[line:69] INFO download successed
Sun, 25 Jun 2017 10:20:39 spider_main.py[line:106] INFO 待爬取页为论文详情页
Sun, 25 Jun 2017 10:20:39 spider_main.py[line:109] INFO 解析详情页...
Sun, 25 Jun 2017 10:20:39 spider_main.py[line:123] INFO 将解析失败页面设置为已爬取: http://ieeexplore.ieee.org/document/1693485/
Sun, 25 Jun 2017 10:20:39 spider_main.py[line:124] INFO 【【解析失败】】: 'NoneType' object has no attribute 'find_all'
Sun, 25 Jun 2017 10:20:39 spider_main.py[line:152] WARNING 【【crawl failed】】:'NoneType' object has no attribute 'find_all'
Sun, 25 Jun 2017 10:20:39 spider_main.py[line:53] INFO crawl 66 : http://ieeexplore.ieee.org/document/1643635/
Sun, 25 Jun 2017 10:20:39 spider_main.py[line:69] INFO download successed
Sun, 25 Jun 2017 10:20:39 spider_main.py[line:106] INFO 待爬取页为论文详情页
Sun, 25 Jun 2017 10:20:39 spider_main.py[line:109] INFO 解析详情页...
Sun, 25 Jun 2017 10:20:40 spider_main.py[line:115] INFO 详情页解析结果输出...
Sun, 25 Jun 2017 10:20:40 spider_main.py[line:129] INFO 将爬取成功页面设置为已爬取: http://ieeexplore.ieee.org/document/1643635/
Sun, 25 Jun 2017 10:20:40 spider_main.py[line:53] INFO crawl 67 : http://ieeexplore.ieee.org/document/1625690/
Sun, 25 Jun 2017 10:20:40 spider_main.py[line:69] INFO download successed
Sun, 25 Jun 2017 10:20:40 spider_main.py[line:106] INFO 待爬取页为论文详情页
Sun, 25 Jun 2017 10:20:40 spider_main.py[line:109] INFO 解析详情页...
Sun, 25 Jun 2017 10:20:40 spider_main.py[line:115] INFO 详情页解析结果输出...
Sun, 25 Jun 2017 10:20:40 spider_main.py[line:129] INFO 将爬取成功页面设置为已爬取: http://ieeexplore.ieee.org/document/1625690/
Sun, 25 Jun 2017 10:20:40 spider_main.py[line:53] INFO crawl 68 : http://ieeexplore.ieee.org/document/1613660/
Sun, 25 Jun 2017 10:20:40 spider_main.py[line:69] INFO download successed
Sun, 25 Jun 2017 10:20:40 spider_main.py[line:106] INFO 待爬取页为论文详情页
Sun, 25 Jun 2017 10:20:40 spider_main.py[line:109] INFO 解析详情页...
Sun, 25 Jun 2017 10:20:40 spider_main.py[line:115] INFO 详情页解析结果输出...
Sun, 25 Jun 2017 10:20:40 spider_main.py[line:129] INFO 将爬取成功页面设置为已爬取: http://ieeexplore.ieee.org/document/1613660/
Sun, 25 Jun 2017 10:20:40 spider_main.py[line:53] INFO crawl 69 : http://ieeexplore.ieee.org/document/1552015/
Sun, 25 Jun 2017 10:20:40 spider_main.py[line:69] INFO download successed
Sun, 25 Jun 2017 10:20:40 spider_main.py[line:106] INFO 待爬取页为论文详情页
Sun, 25 Jun 2017 10:20:40 spider_main.py[line:109] INFO 解析详情页...
Sun, 25 Jun 2017 10:20:40 spider_main.py[line:115] INFO 详情页解析结果输出...
Sun, 25 Jun 2017 10:20:40 spider_main.py[line:129] INFO 将爬取成功页面设置为已爬取: http://ieeexplore.ieee.org/document/1552015/
Sun, 25 Jun 2017 10:20:40 spider_main.py[line:53] INFO crawl 70 : http://ieeexplore.ieee.org/document/1552740/
Sun, 25 Jun 2017 10:20:40 spider_main.py[line:69] INFO download successed
Sun, 25 Jun 2017 10:20:40 spider_main.py[line:106] INFO 待爬取页为论文详情页
Sun, 25 Jun 2017 10:20:40 spider_main.py[line:109] INFO 解析详情页...
Sun, 25 Jun 2017 10:20:40 spider_main.py[line:115] INFO 详情页解析结果输出...
Sun, 25 Jun 2017 10:20:41 spider_main.py[line:129] INFO 将爬取成功页面设置为已爬取: http://ieeexplore.ieee.org/document/1552740/
Sun, 25 Jun 2017 10:20:41 spider_main.py[line:53] INFO crawl 71 : http://ieeexplore.ieee.org/document/1545808/
Sun, 25 Jun 2017 10:20:41 spider_main.py[line:69] INFO download successed
Sun, 25 Jun 2017 10:20:41 spider_main.py[line:106] INFO 待爬取页为论文详情页
Sun, 25 Jun 2017 10:20:41 spider_main.py[line:109] INFO 解析详情页...
Sun, 25 Jun 2017 10:20:41 spider_main.py[line:115] INFO 详情页解析结果输出...
Sun, 25 Jun 2017 10:20:41 spider_main.py[line:129] INFO 将爬取成功页面设置为已爬取: http://ieeexplore.ieee.org/document/1545808/
Sun, 25 Jun 2017 10:20:41 spider_main.py[line:53] INFO crawl 72 : http://ieeexplore.ieee.org/document/1522141/
Sun, 25 Jun 2017 10:20:41 spider_main.py[line:69] INFO download successed
Sun, 25 Jun 2017 10:20:41 spider_main.py[line:106] INFO 待爬取页为论文详情页
Sun, 25 Jun 2017 10:20:41 spider_main.py[line:109] INFO 解析详情页...
Sun, 25 Jun 2017 10:20:41 spider_main.py[line:115] INFO 详情页解析结果输出...
Sun, 25 Jun 2017 10:20:41 spider_main.py[line:129] INFO 将爬取成功页面设置为已爬取: http://ieeexplore.ieee.org/document/1522141/
Sun, 25 Jun 2017 10:20:41 spider_main.py[line:53] INFO crawl 73 : http://ieeexplore.ieee.org/document/1411475/
Sun, 25 Jun 2017 10:20:41 spider_main.py[line:69] INFO download successed
Sun, 25 Jun 2017 10:20:41 spider_main.py[line:106] INFO 待爬取页为论文详情页
Sun, 25 Jun 2017 10:20:41 spider_main.py[line:109] INFO 解析详情页...
Sun, 25 Jun 2017 10:20:41 spider_main.py[line:115] INFO 详情页解析结果输出...
Sun, 25 Jun 2017 10:20:41 spider_main.py[line:129] INFO 将爬取成功页面设置为已爬取: http://ieeexplore.ieee.org/document/1411475/
Sun, 25 Jun 2017 10:20:41 spider_main.py[line:53] INFO crawl 74 : http://ieeexplore.ieee.org/document/1422397/
Sun, 25 Jun 2017 10:20:41 spider_main.py[line:69] INFO download successed
Sun, 25 Jun 2017 10:20:41 spider_main.py[line:106] INFO 待爬取页为论文详情页
Sun, 25 Jun 2017 10:20:41 spider_main.py[line:109] INFO 解析详情页...
Sun, 25 Jun 2017 10:20:41 spider_main.py[line:115] INFO 详情页解析结果输出...
Sun, 25 Jun 2017 10:20:41 spider_main.py[line:129] INFO 将爬取成功页面设置为已爬取: http://ieeexplore.ieee.org/document/1422397/
Sun, 25 Jun 2017 10:20:41 spider_main.py[line:53] INFO crawl 75 : http://ieeexplore.ieee.org/document/1406625/
Sun, 25 Jun 2017 10:20:41 spider_main.py[line:69] INFO download successed
Sun, 25 Jun 2017 10:20:41 spider_main.py[line:106] INFO 待爬取页为论文详情页
Sun, 25 Jun 2017 10:20:41 spider_main.py[line:109] INFO 解析详情页...
Sun, 25 Jun 2017 10:20:42 spider_main.py[line:115] INFO 详情页解析结果输出...
Sun, 25 Jun 2017 10:20:42 spider_main.py[line:129] INFO 将爬取成功页面设置为已爬取: http://ieeexplore.ieee.org/document/1406625/
Sun, 25 Jun 2017 10:20:42 spider_main.py[line:53] INFO crawl 76 : http://ieeexplore.ieee.org/document/7128804/
Sun, 25 Jun 2017 10:20:42 spider_main.py[line:69] INFO download successed
Sun, 25 Jun 2017 10:20:42 spider_main.py[line:106] INFO 待爬取页为论文详情页
Sun, 25 Jun 2017 10:20:42 spider_main.py[line:109] INFO 解析详情页...
Sun, 25 Jun 2017 10:20:42 spider_main.py[line:115] INFO 详情页解析结果输出...
Sun, 25 Jun 2017 10:20:42 spider_main.py[line:129] INFO 将爬取成功页面设置为已爬取: http://ieeexplore.ieee.org/document/7128804/
Sun, 25 Jun 2017 10:20:42 spider_main.py[line:53] INFO crawl 77 : http://ieeexplore.ieee.org/document/7118317/
Sun, 25 Jun 2017 10:20:42 spider_main.py[line:69] INFO download successed
Sun, 25 Jun 2017 10:20:42 spider_main.py[line:106] INFO 待爬取页为论文详情页
Sun, 25 Jun 2017 10:20:42 spider_main.py[line:109] INFO 解析详情页...
Sun, 25 Jun 2017 10:20:42 spider_main.py[line:115] INFO 详情页解析结果输出...
Sun, 25 Jun 2017 10:20:42 spider_main.py[line:129] INFO 将爬取成功页面设置为已爬取: http://ieeexplore.ieee.org/document/7118317/
Sun, 25 Jun 2017 10:20:42 spider_main.py[line:53] INFO crawl 78 : http://ieeexplore.ieee.org/document/6804745/
Sun, 25 Jun 2017 10:20:42 spider_main.py[line:69] INFO download successed
Sun, 25 Jun 2017 10:20:42 spider_main.py[line:106] INFO 待爬取页为论文详情页
Sun, 25 Jun 2017 10:20:42 spider_main.py[line:109] INFO 解析详情页...
Sun, 25 Jun 2017 10:20:42 spider_main.py[line:115] INFO 详情页解析结果输出...
Sun, 25 Jun 2017 10:20:42 spider_main.py[line:129] INFO 将爬取成功页面设置为已爬取: http://ieeexplore.ieee.org/document/6804745/
Sun, 25 Jun 2017 10:20:42 spider_main.py[line:53] INFO crawl 79 : http://ieeexplore.ieee.org/document/7945589/
Sun, 25 Jun 2017 10:20:42 spider_main.py[line:69] INFO download successed
Sun, 25 Jun 2017 10:20:42 spider_main.py[line:106] INFO 待爬取页为论文详情页
Sun, 25 Jun 2017 10:20:42 spider_main.py[line:109] INFO 解析详情页...
Sun, 25 Jun 2017 10:20:42 spider_main.py[line:123] INFO 将解析失败页面设置为已爬取: http://ieeexplore.ieee.org/document/7945589/
Sun, 25 Jun 2017 10:20:42 spider_main.py[line:124] INFO 【【解析失败】】: 'NoneType' object has no attribute 'find_all'
Sun, 25 Jun 2017 10:20:42 spider_main.py[line:152] WARNING 【【crawl failed】】:'NoneType' object has no attribute 'find_all'
Sun, 25 Jun 2017 10:20:42 spider_main.py[line:53] INFO crawl 79 : http://ieeexplore.ieee.org/document/7934594/
Sun, 25 Jun 2017 10:20:42 spider_main.py[line:69] INFO download successed
Sun, 25 Jun 2017 10:20:42 spider_main.py[line:106] INFO 待爬取页为论文详情页
Sun, 25 Jun 2017 10:20:42 spider_main.py[line:109] INFO 解析详情页...
Sun, 25 Jun 2017 10:20:43 spider_main.py[line:123] INFO 将解析失败页面设置为已爬取: http://ieeexplore.ieee.org/document/7934594/
Sun, 25 Jun 2017 10:20:43 spider_main.py[line:124] INFO 【【解析失败】】: 'NoneType' object has no attribute 'find_all'
Sun, 25 Jun 2017 10:20:43 spider_main.py[line:152] WARNING 【【crawl failed】】:'NoneType' object has no attribute 'find_all'
Sun, 25 Jun 2017 10:20:43 spider_main.py[line:53] INFO crawl 79 : http://ieeexplore.ieee.org/document/6881668/
Sun, 25 Jun 2017 10:20:43 spider_main.py[line:69] INFO download successed
Sun, 25 Jun 2017 10:20:43 spider_main.py[line:106] INFO 待爬取页为论文详情页
Sun, 25 Jun 2017 10:20:43 spider_main.py[line:109] INFO 解析详情页...
Sun, 25 Jun 2017 10:20:43 spider_main.py[line:115] INFO 详情页解析结果输出...
Sun, 25 Jun 2017 10:20:43 spider_main.py[line:129] INFO 将爬取成功页面设置为已爬取: http://ieeexplore.ieee.org/document/6881668/
Sun, 25 Jun 2017 10:20:43 spider_main.py[line:53] INFO crawl 80 : http://ieeexplore.ieee.org/document/7511654/
Sun, 25 Jun 2017 10:20:43 spider_main.py[line:69] INFO download successed
Sun, 25 Jun 2017 10:20:43 spider_main.py[line:106] INFO 待爬取页为论文详情页
Sun, 25 Jun 2017 10:20:43 spider_main.py[line:109] INFO 解析详情页...
Sun, 25 Jun 2017 10:20:43 spider_main.py[line:115] INFO 详情页解析结果输出...
Sun, 25 Jun 2017 10:20:43 spider_main.py[line:129] INFO 将爬取成功页面设置为已爬取: http://ieeexplore.ieee.org/document/7511654/
Sun, 25 Jun 2017 10:20:43 spider_main.py[line:53] INFO crawl 81 : http://ieeexplore.ieee.org/document/7928049/
Sun, 25 Jun 2017 10:20:43 spider_main.py[line:69] INFO download successed
Sun, 25 Jun 2017 10:20:43 spider_main.py[line:106] INFO 待爬取页为论文详情页
Sun, 25 Jun 2017 10:20:43 spider_main.py[line:109] INFO 解析详情页...
Sun, 25 Jun 2017 10:20:43 spider_main.py[line:115] INFO 详情页解析结果输出...
Sun, 25 Jun 2017 10:20:43 spider_main.py[line:129] INFO 将爬取成功页面设置为已爬取: http://ieeexplore.ieee.org/document/7928049/
Sun, 25 Jun 2017 10:20:43 spider_main.py[line:53] INFO crawl 82 : http://ieeexplore.ieee.org/document/7928549/
Sun, 25 Jun 2017 10:20:43 spider_main.py[line:69] INFO download successed
Sun, 25 Jun 2017 10:20:43 spider_main.py[line:106] INFO 待爬取页为论文详情页
Sun, 25 Jun 2017 10:20:43 spider_main.py[line:109] INFO 解析详情页...
Sun, 25 Jun 2017 10:20:43 spider_main.py[line:115] INFO 详情页解析结果输出...
Sun, 25 Jun 2017 10:20:43 spider_main.py[line:129] INFO 将爬取成功页面设置为已爬取: http://ieeexplore.ieee.org/document/7928549/
Sun, 25 Jun 2017 10:20:43 spider_main.py[line:53] INFO crawl 83 : http://ieeexplore.ieee.org/document/7928811/
Sun, 25 Jun 2017 10:20:43 spider_main.py[line:69] INFO download successed
Sun, 25 Jun 2017 10:20:43 spider_main.py[line:106] INFO 待爬取页为论文详情页
Sun, 25 Jun 2017 10:20:43 spider_main.py[line:109] INFO 解析详情页...
Sun, 25 Jun 2017 10:20:44 spider_main.py[line:115] INFO 详情页解析结果输出...
Sun, 25 Jun 2017 10:20:44 spider_main.py[line:129] INFO 将爬取成功页面设置为已爬取: http://ieeexplore.ieee.org/document/7928811/
Sun, 25 Jun 2017 10:20:44 spider_main.py[line:53] INFO crawl 84 : http://ieeexplore.ieee.org/document/750221/
Sun, 25 Jun 2017 10:20:44 spider_main.py[line:69] INFO download successed
Sun, 25 Jun 2017 10:20:44 spider_main.py[line:106] INFO 待爬取页为论文详情页
Sun, 25 Jun 2017 10:20:44 spider_main.py[line:109] INFO 解析详情页...
Sun, 25 Jun 2017 10:20:44 spider_main.py[line:115] INFO 详情页解析结果输出...
Sun, 25 Jun 2017 10:20:44 spider_main.py[line:129] INFO 将爬取成功页面设置为已爬取: http://ieeexplore.ieee.org/document/750221/
Sun, 25 Jun 2017 10:20:44 spider_main.py[line:53] INFO crawl 85 : http://ieeexplore.ieee.org/document/668989/
Sun, 25 Jun 2017 10:20:44 spider_main.py[line:69] INFO download successed
Sun, 25 Jun 2017 10:20:44 spider_main.py[line:106] INFO 待爬取页为论文详情页
Sun, 25 Jun 2017 10:20:44 spider_main.py[line:109] INFO 解析详情页...
Sun, 25 Jun 2017 10:20:44 spider_main.py[line:115] INFO 详情页解析结果输出...
Sun, 25 Jun 2017 10:20:44 spider_main.py[line:129] INFO 将爬取成功页面设置为已爬取: http://ieeexplore.ieee.org/document/668989/
Sun, 25 Jun 2017 10:20:44 spider_main.py[line:53] INFO crawl 86 : http://ieeexplore.ieee.org/document/873741/
Sun, 25 Jun 2017 10:20:44 spider_main.py[line:69] INFO download successed
Sun, 25 Jun 2017 10:20:44 spider_main.py[line:106] INFO 待爬取页为论文详情页
Sun, 25 Jun 2017 10:20:44 spider_main.py[line:109] INFO 解析详情页...
Sun, 25 Jun 2017 10:20:44 spider_main.py[line:115] INFO 详情页解析结果输出...
Sun, 25 Jun 2017 10:20:44 spider_main.py[line:129] INFO 将爬取成功页面设置为已爬取: http://ieeexplore.ieee.org/document/873741/
Sun, 25 Jun 2017 10:20:44 spider_main.py[line:53] INFO crawl 87 : http://ieeexplore.ieee.org/document/678650/
Sun, 25 Jun 2017 10:20:44 spider_main.py[line:69] INFO download successed
Sun, 25 Jun 2017 10:20:44 spider_main.py[line:106] INFO 待爬取页为论文详情页
Sun, 25 Jun 2017 10:20:44 spider_main.py[line:109] INFO 解析详情页...
Sun, 25 Jun 2017 10:20:44 spider_main.py[line:115] INFO 详情页解析结果输出...
Sun, 25 Jun 2017 10:20:45 spider_main.py[line:129] INFO 将爬取成功页面设置为已爬取: http://ieeexplore.ieee.org/document/678650/
Sun, 25 Jun 2017 10:20:45 spider_main.py[line:53] INFO crawl 88 : http://ieeexplore.ieee.org/document/720393/
Sun, 25 Jun 2017 10:20:45 spider_main.py[line:69] INFO download successed
Sun, 25 Jun 2017 10:20:45 spider_main.py[line:106] INFO 待爬取页为论文详情页
Sun, 25 Jun 2017 10:20:45 spider_main.py[line:109] INFO 解析详情页...
Sun, 25 Jun 2017 10:20:45 spider_main.py[line:115] INFO 详情页解析结果输出...
Sun, 25 Jun 2017 10:20:45 spider_main.py[line:129] INFO 将爬取成功页面设置为已爬取: http://ieeexplore.ieee.org/document/720393/
Sun, 25 Jun 2017 10:20:45 spider_main.py[line:53] INFO crawl 89 : http://ieeexplore.ieee.org/document/766810/
Sun, 25 Jun 2017 10:20:45 spider_main.py[line:69] INFO download successed
Sun, 25 Jun 2017 10:20:45 spider_main.py[line:106] INFO 待爬取页为论文详情页
Sun, 25 Jun 2017 10:20:45 spider_main.py[line:109] INFO 解析详情页...
Sun, 25 Jun 2017 10:20:45 spider_main.py[line:115] INFO 详情页解析结果输出...
Sun, 25 Jun 2017 10:20:45 spider_main.py[line:129] INFO 将爬取成功页面设置为已爬取: http://ieeexplore.ieee.org/document/766810/
Sun, 25 Jun 2017 10:20:45 spider_main.py[line:53] INFO crawl 90 : http://ieeexplore.ieee.org/document/494195/
Sun, 25 Jun 2017 10:20:45 spider_main.py[line:69] INFO download successed
Sun, 25 Jun 2017 10:20:45 spider_main.py[line:106] INFO 待爬取页为论文详情页
Sun, 25 Jun 2017 10:20:45 spider_main.py[line:109] INFO 解析详情页...
Sun, 25 Jun 2017 10:20:45 spider_main.py[line:115] INFO 详情页解析结果输出...
Sun, 25 Jun 2017 10:20:45 spider_main.py[line:129] INFO 将爬取成功页面设置为已爬取: http://ieeexplore.ieee.org/document/494195/
Sun, 25 Jun 2017 10:20:45 spider_main.py[line:53] INFO crawl 91 : http://ieeexplore.ieee.org/document/760384/
Sun, 25 Jun 2017 10:20:45 spider_main.py[line:69] INFO download successed
Sun, 25 Jun 2017 10:20:45 spider_main.py[line:106] INFO 待爬取页为论文详情页
Sun, 25 Jun 2017 10:20:45 spider_main.py[line:109] INFO 解析详情页...
Sun, 25 Jun 2017 10:20:45 spider_main.py[line:115] INFO 详情页解析结果输出...
Sun, 25 Jun 2017 10:20:46 spider_main.py[line:129] INFO 将爬取成功页面设置为已爬取: http://ieeexplore.ieee.org/document/760384/
Sun, 25 Jun 2017 10:20:46 spider_main.py[line:53] INFO crawl 92 : http://ieeexplore.ieee.org/document/826815/
Sun, 25 Jun 2017 10:20:46 spider_main.py[line:69] INFO download successed
Sun, 25 Jun 2017 10:20:46 spider_main.py[line:106] INFO 待爬取页为论文详情页
Sun, 25 Jun 2017 10:20:46 spider_main.py[line:109] INFO 解析详情页...
Sun, 25 Jun 2017 10:20:46 spider_main.py[line:115] INFO 详情页解析结果输出...
Sun, 25 Jun 2017 10:20:46 spider_main.py[line:129] INFO 将爬取成功页面设置为已爬取: http://ieeexplore.ieee.org/document/826815/
Sun, 25 Jun 2017 10:20:46 spider_main.py[line:53] INFO crawl 93 : http://ieeexplore.ieee.org/document/828636/
Sun, 25 Jun 2017 10:20:46 spider_main.py[line:69] INFO download successed
Sun, 25 Jun 2017 10:20:46 spider_main.py[line:106] INFO 待爬取页为论文详情页
Sun, 25 Jun 2017 10:20:46 spider_main.py[line:109] INFO 解析详情页...
Sun, 25 Jun 2017 10:20:46 spider_main.py[line:115] INFO 详情页解析结果输出...
Sun, 25 Jun 2017 10:20:46 spider_main.py[line:129] INFO 将爬取成功页面设置为已爬取: http://ieeexplore.ieee.org/document/828636/
Sun, 25 Jun 2017 10:20:46 spider_main.py[line:53] INFO crawl 94 : http://ieeexplore.ieee.org/document/568846/
Sun, 25 Jun 2017 10:20:46 spider_main.py[line:69] INFO download successed
Sun, 25 Jun 2017 10:20:46 spider_main.py[line:106] INFO 待爬取页为论文详情页
Sun, 25 Jun 2017 10:20:46 spider_main.py[line:109] INFO 解析详情页...
Sun, 25 Jun 2017 10:20:46 spider_main.py[line:115] INFO 详情页解析结果输出...
Sun, 25 Jun 2017 10:20:46 spider_main.py[line:129] INFO 将爬取成功页面设置为已爬取: http://ieeexplore.ieee.org/document/568846/
Sun, 25 Jun 2017 10:20:46 spider_main.py[line:53] INFO crawl 95 : http://ieeexplore.ieee.org/document/200460/
Sun, 25 Jun 2017 10:20:46 spider_main.py[line:69] INFO download successed
Sun, 25 Jun 2017 10:20:46 spider_main.py[line:106] INFO 待爬取页为论文详情页
Sun, 25 Jun 2017 10:20:46 spider_main.py[line:109] INFO 解析详情页...
Sun, 25 Jun 2017 10:20:46 spider_main.py[line:115] INFO 详情页解析结果输出...
Sun, 25 Jun 2017 10:20:46 spider_main.py[line:129] INFO 将爬取成功页面设置为已爬取: http://ieeexplore.ieee.org/document/200460/
Sun, 25 Jun 2017 10:20:46 spider_main.py[line:53] INFO crawl 96 : http://ieeexplore.ieee.org/document/826817/
Sun, 25 Jun 2017 10:20:46 spider_main.py[line:69] INFO download successed
Sun, 25 Jun 2017 10:20:46 spider_main.py[line:106] INFO 待爬取页为论文详情页
Sun, 25 Jun 2017 10:20:46 spider_main.py[line:109] INFO 解析详情页...
Sun, 25 Jun 2017 10:20:46 spider_main.py[line:115] INFO 详情页解析结果输出...
Sun, 25 Jun 2017 10:20:47 spider_main.py[line:129] INFO 将爬取成功页面设置为已爬取: http://ieeexplore.ieee.org/document/826817/
Sun, 25 Jun 2017 10:20:47 spider_main.py[line:53] INFO crawl 97 : http://ieeexplore.ieee.org/document/899034/
Sun, 25 Jun 2017 10:20:47 spider_main.py[line:69] INFO download successed
Sun, 25 Jun 2017 10:20:47 spider_main.py[line:106] INFO 待爬取页为论文详情页
Sun, 25 Jun 2017 10:20:47 spider_main.py[line:109] INFO 解析详情页...
Sun, 25 Jun 2017 10:20:47 spider_main.py[line:115] INFO 详情页解析结果输出...
Sun, 25 Jun 2017 10:20:47 spider_main.py[line:129] INFO 将爬取成功页面设置为已爬取: http://ieeexplore.ieee.org/document/899034/
Sun, 25 Jun 2017 10:20:47 spider_main.py[line:53] INFO crawl 98 : http://ieeexplore.ieee.org/document/512338/
Sun, 25 Jun 2017 10:20:47 spider_main.py[line:69] INFO download successed
Sun, 25 Jun 2017 10:20:47 spider_main.py[line:106] INFO 待爬取页为论文详情页
Sun, 25 Jun 2017 10:20:47 spider_main.py[line:109] INFO 解析详情页...
Sun, 25 Jun 2017 10:20:47 spider_main.py[line:115] INFO 详情页解析结果输出...
Sun, 25 Jun 2017 10:20:47 spider_main.py[line:129] INFO 将爬取成功页面设置为已爬取: http://ieeexplore.ieee.org/document/512338/
Sun, 25 Jun 2017 10:20:47 spider_main.py[line:53] INFO crawl 99 : http://ieeexplore.ieee.org/document/848213/
Sun, 25 Jun 2017 10:20:47 spider_main.py[line:69] INFO download successed
Sun, 25 Jun 2017 10:20:47 spider_main.py[line:106] INFO 待爬取页为论文详情页
Sun, 25 Jun 2017 10:20:47 spider_main.py[line:109] INFO 解析详情页...
Sun, 25 Jun 2017 10:20:47 spider_main.py[line:115] INFO 详情页解析结果输出...
Sun, 25 Jun 2017 10:20:47 spider_main.py[line:129] INFO 将爬取成功页面设置为已爬取: http://ieeexplore.ieee.org/document/848213/
Sun, 25 Jun 2017 10:20:47 spider_main.py[line:53] INFO crawl 100 : http://ieeexplore.ieee.org/document/845194/
Sun, 25 Jun 2017 10:20:47 spider_main.py[line:69] INFO download successed
Sun, 25 Jun 2017 10:20:47 spider_main.py[line:106] INFO 待爬取页为论文详情页
Sun, 25 Jun 2017 10:20:47 spider_main.py[line:109] INFO 解析详情页...
Sun, 25 Jun 2017 10:20:47 spider_main.py[line:115] INFO 详情页解析结果输出...
Sun, 25 Jun 2017 10:20:48 spider_main.py[line:129] INFO 将爬取成功页面设置为已爬取: http://ieeexplore.ieee.org/document/845194/
Sun, 25 Jun 2017 10:20:48 spider_main.py[line:53] INFO crawl 101 : http://ieeexplore.ieee.org/document/852733/
Sun, 25 Jun 2017 10:20:48 spider_main.py[line:69] INFO download successed
Sun, 25 Jun 2017 10:20:48 spider_main.py[line:106] INFO 待爬取页为论文详情页
Sun, 25 Jun 2017 10:20:48 spider_main.py[line:109] INFO 解析详情页...
Sun, 25 Jun 2017 10:20:48 spider_main.py[line:115] INFO 详情页解析结果输出...
Sun, 25 Jun 2017 10:20:48 spider_main.py[line:129] INFO 将爬取成功页面设置为已爬取: http://ieeexplore.ieee.org/document/852733/
Sun, 25 Jun 2017 10:20:48 spider_main.py[line:53] INFO crawl 102 : http://ieeexplore.ieee.org/document/1710708/
Sun, 25 Jun 2017 10:20:48 spider_main.py[line:69] INFO download successed
Sun, 25 Jun 2017 10:20:48 spider_main.py[line:106] INFO 待爬取页为论文详情页
Sun, 25 Jun 2017 10:20:48 spider_main.py[line:109] INFO 解析详情页...
Sun, 25 Jun 2017 10:20:48 spider_main.py[line:115] INFO 详情页解析结果输出...
Sun, 25 Jun 2017 10:20:48 spider_main.py[line:129] INFO 将爬取成功页面设置为已爬取: http://ieeexplore.ieee.org/document/1710708/
Sun, 25 Jun 2017 10:20:48 spider_main.py[line:53] INFO crawl 103 : http://ieeexplore.ieee.org/document/1710795/
Sun, 25 Jun 2017 10:20:48 spider_main.py[line:69] INFO download successed
Sun, 25 Jun 2017 10:20:48 spider_main.py[line:106] INFO 待爬取页为论文详情页
Sun, 25 Jun 2017 10:20:48 spider_main.py[line:109] INFO 解析详情页...
Sun, 25 Jun 2017 10:20:48 spider_main.py[line:115] INFO 详情页解析结果输出...
Sun, 25 Jun 2017 10:20:48 spider_main.py[line:129] INFO 将爬取成功页面设置为已爬取: http://ieeexplore.ieee.org/document/1710795/
Sun, 25 Jun 2017 10:20:48 spider_main.py[line:53] INFO crawl 104 : http://ieeexplore.ieee.org/document/4738269/
Sun, 25 Jun 2017 10:20:48 spider_main.py[line:69] INFO download successed
Sun, 25 Jun 2017 10:20:48 spider_main.py[line:106] INFO 待爬取页为论文详情页
Sun, 25 Jun 2017 10:20:48 spider_main.py[line:109] INFO 解析详情页...
Sun, 25 Jun 2017 10:20:48 spider_main.py[line:115] INFO 详情页解析结果输出...
Sun, 25 Jun 2017 10:20:48 spider_main.py[line:129] INFO 将爬取成功页面设置为已爬取: http://ieeexplore.ieee.org/document/4738269/
Sun, 25 Jun 2017 10:20:48 spider_main.py[line:53] INFO crawl 105 : http://ieeexplore.ieee.org/document/4736000/
Sun, 25 Jun 2017 10:20:48 spider_main.py[line:69] INFO download successed
Sun, 25 Jun 2017 10:20:48 spider_main.py[line:106] INFO 待爬取页为论文详情页
Sun, 25 Jun 2017 10:20:48 spider_main.py[line:109] INFO 解析详情页...
Sun, 25 Jun 2017 10:20:48 spider_main.py[line:115] INFO 详情页解析结果输出...
Sun, 25 Jun 2017 10:20:49 spider_main.py[line:129] INFO 将爬取成功页面设置为已爬取: http://ieeexplore.ieee.org/document/4736000/
Sun, 25 Jun 2017 10:20:49 spider_main.py[line:53] INFO crawl 106 : http://ieeexplore.ieee.org/document/1710600/
Sun, 25 Jun 2017 10:20:49 spider_main.py[line:69] INFO download successed
Sun, 25 Jun 2017 10:20:49 spider_main.py[line:106] INFO 待爬取页为论文详情页
Sun, 25 Jun 2017 10:20:49 spider_main.py[line:109] INFO 解析详情页...
Sun, 25 Jun 2017 10:20:49 spider_main.py[line:115] INFO 详情页解析结果输出...
Sun, 25 Jun 2017 10:20:49 spider_main.py[line:129] INFO 将爬取成功页面设置为已爬取: http://ieeexplore.ieee.org/document/1710600/
Sun, 25 Jun 2017 10:20:49 spider_main.py[line:53] INFO crawl 107 : http://ieeexplore.ieee.org/document/1710798/
Sun, 25 Jun 2017 10:20:49 spider_main.py[line:69] INFO download successed
Sun, 25 Jun 2017 10:20:49 spider_main.py[line:106] INFO 待爬取页为论文详情页
Sun, 25 Jun 2017 10:20:49 spider_main.py[line:109] INFO 解析详情页...
Sun, 25 Jun 2017 10:20:49 spider_main.py[line:115] INFO 详情页解析结果输出...
Sun, 25 Jun 2017 10:20:49 spider_main.py[line:129] INFO 将爬取成功页面设置为已爬取: http://ieeexplore.ieee.org/document/1710798/
Sun, 25 Jun 2017 10:20:49 spider_main.py[line:53] INFO crawl 108 : http://ieeexplore.ieee.org/document/7955021/
Sun, 25 Jun 2017 10:20:49 spider_main.py[line:69] INFO download successed
Sun, 25 Jun 2017 10:20:49 spider_main.py[line:106] INFO 待爬取页为论文详情页
Sun, 25 Jun 2017 10:20:49 spider_main.py[line:109] INFO 解析详情页...
Sun, 25 Jun 2017 10:20:49 spider_main.py[line:115] INFO 详情页解析结果输出...
Sun, 25 Jun 2017 10:20:49 spider_main.py[line:129] INFO 将爬取成功页面设置为已爬取: http://ieeexplore.ieee.org/document/7955021/
Sun, 25 Jun 2017 10:20:49 spider_main.py[line:53] INFO crawl 109 : http://ieeexplore.ieee.org/document/817474/
Sun, 25 Jun 2017 10:20:49 spider_main.py[line:69] INFO download successed
Sun, 25 Jun 2017 10:20:49 spider_main.py[line:106] INFO 待爬取页为论文详情页
Sun, 25 Jun 2017 10:20:49 spider_main.py[line:109] INFO 解析详情页...
Sun, 25 Jun 2017 10:20:49 spider_main.py[line:115] INFO 详情页解析结果输出...
Sun, 25 Jun 2017 10:20:50 spider_main.py[line:129] INFO 将爬取成功页面设置为已爬取: http://ieeexplore.ieee.org/document/817474/
Sun, 25 Jun 2017 10:20:50 spider_main.py[line:53] INFO crawl 110 : http://ieeexplore.ieee.org/document/687993/
Sun, 25 Jun 2017 10:20:50 spider_main.py[line:69] INFO download successed
Sun, 25 Jun 2017 10:20:50 spider_main.py[line:106] INFO 待爬取页为论文详情页
Sun, 25 Jun 2017 10:20:50 spider_main.py[line:109] INFO 解析详情页...
Sun, 25 Jun 2017 10:20:50 spider_main.py[line:115] INFO 详情页解析结果输出...
Sun, 25 Jun 2017 10:20:50 spider_main.py[line:129] INFO 将爬取成功页面设置为已爬取: http://ieeexplore.ieee.org/document/687993/
Sun, 25 Jun 2017 10:20:50 spider_main.py[line:53] INFO crawl 111 : http://ieeexplore.ieee.org/document/824729/
Sun, 25 Jun 2017 10:20:50 spider_main.py[line:69] INFO download successed
Sun, 25 Jun 2017 10:20:50 spider_main.py[line:106] INFO 待爬取页为论文详情页
Sun, 25 Jun 2017 10:20:50 spider_main.py[line:109] INFO 解析详情页...
Sun, 25 Jun 2017 10:20:50 spider_main.py[line:115] INFO 详情页解析结果输出...
Sun, 25 Jun 2017 10:20:50 spider_main.py[line:129] INFO 将爬取成功页面设置为已爬取: http://ieeexplore.ieee.org/document/824729/
Sun, 25 Jun 2017 10:20:50 spider_main.py[line:155] INFO 【crawl finished】: crawl count=112
